Determining if the pthread_create exist failed with the following output:
Change Dir: /home/luis/Documents/DRIVE/LUIS/CODIGOS/Con_C++/Con_Multi_Libraries/ArUco/Smart_Markers/build/CMakeFiles/CMakeTmp

Run Build Command:"/usr/bin/make" "cmTC_a7d73/fast"
/usr/bin/make -f CMakeFiles/cmTC_a7d73.dir/build.make CMakeFiles/cmTC_a7d73.dir/build
make[1]: Entering directory '/home/luis/Documents/DRIVE/LUIS/CODIGOS/Con_C++/Con_Multi_Libraries/ArUco/Smart_Markers/build/CMakeFiles/CMakeTmp'
Building C object CMakeFiles/cmTC_a7d73.dir/CheckSymbolExists.c.o
/usr/bin/gcc-5  -DBLAS_USE_F2C  -fPIC    -o CMakeFiles/cmTC_a7d73.dir/CheckSymbolExists.c.o   -c /home/luis/Documents/DRIVE/LUIS/CODIGOS/Con_C++/Con_Multi_Libraries/ArUco/Smart_Markers/build/CMakeFiles/CMakeTmp/CheckSymbolExists.c
Linking C executable cmTC_a7d73
/usr/bin/cmake -E cmake_link_script CMakeFiles/cmTC_a7d73.dir/link.txt --verbose=1
/usr/bin/gcc-5  -fPIC     CMakeFiles/cmTC_a7d73.dir/CheckSymbolExists.c.o  -o cmTC_a7d73 -rdynamic 
CMakeFiles/cmTC_a7d73.dir/CheckSymbolExists.c.o: In function `main':
CheckSymbolExists.c:(.text+0x1b): undefined reference to `pthread_create'
collect2: error: ld returned 1 exit status
CMakeFiles/cmTC_a7d73.dir/build.make:97: recipe for target 'cmTC_a7d73' failed
make[1]: *** [cmTC_a7d73] Error 1
make[1]: Leaving directory '/home/luis/Documents/DRIVE/LUIS/CODIGOS/Con_C++/Con_Multi_Libraries/ArUco/Smart_Markers/build/CMakeFiles/CMakeTmp'
Makefile:126: recipe for target 'cmTC_a7d73/fast' failed
make: *** [cmTC_a7d73/fast] Error 2

File /home/luis/Documents/DRIVE/LUIS/CODIGOS/Con_C++/Con_Multi_Libraries/ArUco/Smart_Markers/build/CMakeFiles/CMakeTmp/CheckSymbolExists.c:
/* */
#include <pthread.h>

int main(int argc, char** argv)
{
  (void)argv;
#ifndef pthread_create
  return ((int*)(&pthread_create))[argc];
#else
  (void)argc;
  return 0;
#endif
}

Determining if the function pthread_create exists in the pthreads failed with the following output:
Change Dir: /home/luis/Documents/DRIVE/LUIS/CODIGOS/Con_C++/Con_Multi_Libraries/ArUco/Smart_Markers/build/CMakeFiles/CMakeTmp

Run Build Command:"/usr/bin/make" "cmTC_94d49/fast"
/usr/bin/make -f CMakeFiles/cmTC_94d49.dir/build.make CMakeFiles/cmTC_94d49.dir/build
make[1]: Entering directory '/home/luis/Documents/DRIVE/LUIS/CODIGOS/Con_C++/Con_Multi_Libraries/ArUco/Smart_Markers/build/CMakeFiles/CMakeTmp'
Building C object CMakeFiles/cmTC_94d49.dir/CheckFunctionExists.c.o
/usr/bin/gcc-5  -DBLAS_USE_F2C  -fPIC -DCHECK_FUNCTION_EXISTS=pthread_create   -o CMakeFiles/cmTC_94d49.dir/CheckFunctionExists.c.o   -c /usr/share/cmake-3.5/Modules/CheckFunctionExists.c
Linking C executable cmTC_94d49
/usr/bin/cmake -E cmake_link_script CMakeFiles/cmTC_94d49.dir/link.txt --verbose=1
/usr/bin/gcc-5  -fPIC -DCHECK_FUNCTION_EXISTS=pthread_create    CMakeFiles/cmTC_94d49.dir/CheckFunctionExists.c.o  -o cmTC_94d49 -rdynamic -lpthreads 
/usr/bin/ld: cannot find -lpthreads
collect2: error: ld returned 1 exit status
CMakeFiles/cmTC_94d49.dir/build.make:97: recipe for target 'cmTC_94d49' failed
make[1]: *** [cmTC_94d49] Error 1
make[1]: Leaving directory '/home/luis/Documents/DRIVE/LUIS/CODIGOS/Con_C++/Con_Multi_Libraries/ArUco/Smart_Markers/build/CMakeFiles/CMakeTmp'
Makefile:126: recipe for target 'cmTC_94d49/fast' failed
make: *** [cmTC_94d49/fast] Error 2


